<?xml version="1.0" encoding="UTF-8"?>
<testsuite xmlns:xsi="http://www.w3.org/2001/XMLSchema-instance" xsi:noNamespaceSchemaLocation="https://maven.apache.org/surefire/maven-surefire-plugin/xsd/surefire-test-report-3.0.xsd" version="3.0" name="com.example.PersonTest" time="0.285" tests="16" errors="0" skipped="0" failures="0">
  <properties>
[...]
</properties>
  <testcase name="addPerson_allInvalid_returnsFalse" classname="com.example.PersonTest" time="0.065">
    <system-out><![CDATA[Invalid ID: ABC
]]></system-out>
  </testcase>
  <testcase name="addDemeritPoints_successCreatesFile" classname="com.example.PersonTest" time="0.015"/>
  <testcase name="updatePersonalDetails_under18CannotChangeAddress_returnsFalse" classname="com.example.PersonTest" time="0.007"/>
  <testcase name="addDemeritPoints_invalidDate_returnsFailed" classname="com.example.PersonTest" time="0.005"/>
  <testcase name="addDemeritPoints_validDataUnder21_setsSuspendedCorrectly" classname="com.example.PersonTest" time="0.013"/>
  <testcase name="addDemeritPoints_validDataOver21_setsSuspendedCorrectly" classname="com.example.PersonTest" time="0.013"/>
  <testcase name="updatePersonalDetails_evenIDCannotChangeID_returnsFalse" classname="com.example.PersonTest" time="0.006"/>
  <testcase name="addPerson_invalidAddress_returnsFalse" classname="com.example.PersonTest" time="0.004">
    <system-out><![CDATA[Invalid address: state is not Victoria (New South Wales)
Invalid address: 12|King St|Sydney|New South Wales|Australia
]]></system-out>
  </testcase>
  <testcase name="addPerson_validData_returnsTrueAndCreatesFile" classname="com.example.PersonTest" time="0.014"/>
  <testcase name="updatePersonalDetails_validUpdate_returnsTrue" classname="com.example.PersonTest" time="0.018"/>
  <testcase name="updatePersonalDetails_noChange_returnsTrue" classname="com.example.PersonTest" time="0.011"/>
  <testcase name="updatePersonalDetails_invalidNewData_returnsFalse" classname="com.example.PersonTest" time="0.006">
    <system-out><![CDATA[Invalid address: state is not Victoria (NSW)
]]></system-out>
  </testcase>
  <testcase name="addPerson_invalidBirthdate_returnsFalse" classname="com.example.PersonTest" time="0.005">
    <system-out><![CDATA[Invalid birthdate: 2002-09-15
]]></system-out>
  </testcase>
  <testcase name="updatePersonalDetails_changeBirthAndAnythingElse_returnsFalse" classname="com.example.PersonTest" time="0.006"/>
  <testcase name="addPerson_invalidID_returnsFalse" classname="com.example.PersonTest" time="0.008">
    <system-out><![CDATA[Invalid ID: 12abcDEFgh
]]></system-out>
  </testcase>
  <testcase name="addDemeritPoints_invalidPoints_returnsFailed" classname="com.example.PersonTest" time="0.005"/>
</testsuite>